[ablation] arm=curriculum seed=0 — starting
[ablation] arm=curriculum seed=0 done: wr=0.875 first_enc=28 steps=1751 elapsed=68.1s
[ablation] arm=direct seed=0 — starting
[ablation] arm=direct seed=0 done: wr=0.312 first_enc=54 steps=1665 elapsed=66.9s
[ablation] arm=curriculum seed=1 — starting
[ablation] arm=curriculum seed=1 done: wr=0.625 first_enc=37 steps=1258 elapsed=43.2s
[ablation] arm=direct seed=1 — starting
[ablation] arm=direct seed=1 done: wr=0.562 first_enc=49 steps=1578 elapsed=63.7s
[ablation] arm=curriculum seed=2 — starting
[ablation] arm=curriculum seed=2 done: wr=0.625 first_enc=18 steps=1795 elapsed=70.1s
[ablation] arm=direct seed=2 — starting
[ablation] arm=direct seed=2 done: wr=0.438 first_enc=69 steps=1007 elapsed=38.1s
{
  "arms": {
    "curriculum": {
      "n_seeds": 3,
      "n_seeds_with_enclosure": 3,
      "final_win_rate_vs_random_mean": 0.7083333333333334,
      "final_win_rate_vs_random_95ci": [
        0.625,
        0.875
      ],
      "first_enclosure_step_mean": 27.666666666666668,
      "total_steps_mean": 1601.3333333333333
    },
    "direct": {
      "n_seeds": 3,
      "n_seeds_with_enclosure": 3,
      "final_win_rate_vs_random_mean": 0.4375,
      "final_win_rate_vs_random_95ci": [
        0.3125,
        0.5625
      ],
      "first_enclosure_step_mean": 57.333333333333336,
      "total_steps_mean": 1416.6666666666667
    }
  },
  "test_win_rate": {
    "arm_a": "curriculum",
    "arm_b": "direct",
    "welch_t": 2.4567690745599777,
    "welch_p_approx": 0.014019277113960005,
    "mann_whitney_u": 9.0,
    "rank_biserial": -1.0,
    "cohens_d": 2.0059435495071956
  },
  "test_first_enclosure": {
    "arm_a": "curriculum",
    "arm_b": "direct",
    "welch_t": -3.6455820463097304,
    "welch_p_approx": 0.00026678727795959034,
    "mann_whitney_u": 0.0,
    "rank_biserial": 1.0,
    "cohens_d": -2.9766052763033977
  }
}
